2021-09-08 21:13:18.985 ERROR com.imooc.user.controller.HelloController         :20   [32m                  [0;39m error: hello~
2021-09-08 21:29:48.361 ERROR com.imooc.user.controller.HelloController         :21   [32m                  [0;39m error: hello~
2021-09-08 22:36:24.356 ERROR com.imooc.user.controller.HelloController         :21   [32m                  [0;39m error: hello~
2021-09-08 22:36:25.095 ERROR com.imooc.user.controller.HelloController         :21   [32m                  [0;39m error: hello~
2021-09-08 22:53:35.770 ERROR o.s.b.diagnostics.LoggingFailureAnalysisReporter  :40   [32m                  [0;39m 

***************************
APPLICATION FAILED TO START
***************************

Description:

Failed to configure a DataSource: 'url' attribute is not specified and no embedded datasource could be configured.

Reason: Failed to determine a suitable driver class


Action:

Consider the following:
	If you want an embedded database (H2, HSQL or Derby), please put it on the classpath.
	If you have database settings to be loaded from a particular profile you may need to activate it (no profiles are currently active).

2021-09-08 22:59:32.921 ERROR o.s.b.diagnostics.LoggingFailureAnalysisReporter  :40   [32m                  [0;39m 

***************************
APPLICATION FAILED TO START
***************************

Description:

Failed to configure a DataSource: 'url' attribute is not specified and no embedded datasource could be configured.

Reason: Failed to determine a suitable driver class


Action:

Consider the following:
	If you want an embedded database (H2, HSQL or Derby), please put it on the classpath.
	If you have database settings to be loaded from a particular profile you may need to activate it (no profiles are currently active).

2021-09-08 23:12:29.275 ERROR com.imooc.user.controller.HelloController         :21   [32m                  [0;39m error: hello~
2021-09-08 23:12:29.763 ERROR com.imooc.user.controller.HelloController         :21   [32m                  [0;39m error: hello~
