2021-09-08 21:13:10.976 INFO  com.imooc.user.Application                        :55   [32m                  [0;39m Starting Application on DESKTOP-CTIIJC1 with PID 13296 (E:\code\java\news\imooc-news-dev-service-user\target\classes started by MECHREVO in E:\code\java\news)
2021-09-08 21:13:10.978 INFO  com.imooc.user.Application                        :651  [32m                  [0;39m No active profile set, falling back to default profiles: default
2021-09-08 21:13:11.493 INFO  o.s.boot.web.embedded.tomcat.TomcatWebServer      :92   [32m                  [0;39m Tomcat initialized with port(s): 8003 (http)
2021-09-08 21:13:11.499 INFO  org.apache.coyote.http11.Http11NioProtocol        :173  [32m                  [0;39m Initializing ProtocolHandler ["http-nio-8003"]
2021-09-08 21:13:11.502 INFO  org.apache.catalina.core.StandardService          :173  [32m                  [0;39m Starting service [Tomcat]
2021-09-08 21:13:11.502 INFO  org.apache.catalina.core.StandardEngine           :173  [32m                  [0;39m Starting Servlet engine: [Apache Tomcat/9.0.31]
2021-09-08 21:13:11.503 INFO  org.apache.catalina.core.AprLifecycleListener     :173  [32m                  [0;39m Loaded APR based Apache Tomcat Native library [1.2.30] using APR version [1.7.0].
2021-09-08 21:13:11.504 INFO  org.apache.catalina.core.AprLifecycleListener     :173  [32m                  [0;39m APR capabilities: IPv6 [true], sendfile [true], accept filters [false], random [true].
2021-09-08 21:13:11.504 INFO  org.apache.catalina.core.AprLifecycleListener     :173  [32m                  [0;39m APR/OpenSSL configuration: useAprConnector [false], useOpenSSL [true]
2021-09-08 21:13:11.506 INFO  org.apache.catalina.core.AprLifecycleListener     :173  [32m                  [0;39m OpenSSL successfully initialized [OpenSSL 1.1.1k  25 Mar 2021]
2021-09-08 21:13:11.561 INFO  o.a.c.core.ContainerBase.[Tomcat].[localhost].[/] :173  [32m                  [0;39m Initializing Spring embedded WebApplicationContext
2021-09-08 21:13:11.561 INFO  org.springframework.web.context.ContextLoader     :284  [32m                  [0;39m Root WebApplicationContext: initialization completed in 536 ms
2021-09-08 21:13:11.658 INFO  o.s.scheduling.concurrent.ThreadPoolTaskExecutor  :181  [32m                  [0;39m Initializing ExecutorService 'applicationTaskExecutor'
2021-09-08 21:13:11.742 INFO  org.apache.coyote.http11.Http11NioProtocol        :173  [32m                  [0;39m Starting ProtocolHandler ["http-nio-8003"]
2021-09-08 21:13:11.755 INFO  o.s.boot.web.embedded.tomcat.TomcatWebServer      :204  [32m                  [0;39m Tomcat started on port(s): 8003 (http) with context path ''
2021-09-08 21:13:11.757 INFO  com.imooc.user.Application                        :61   [32m                  [0;39m Started Application in 1.138 seconds (JVM running for 2.191)
2021-09-08 21:13:18.967 INFO  o.a.c.core.ContainerBase.[Tomcat].[localhost].[/] :173  [32m                  [0;39m Initializing Spring DispatcherServlet 'dispatcherServlet'
2021-09-08 21:13:18.967 INFO  org.springframework.web.servlet.DispatcherServlet :525  [32m                  [0;39m Initializing Servlet 'dispatcherServlet'
2021-09-08 21:13:18.970 INFO  org.springframework.web.servlet.DispatcherServlet :547  [32m                  [0;39m Completed initialization in 3 ms
2021-09-08 21:13:18.984 INFO  com.imooc.user.controller.HelloController         :18   [32m                  [0;39m info: hello~
2021-09-08 21:13:18.984 WARN  com.imooc.user.controller.HelloController         :19   [32m                  [0;39m warn: hello~
2021-09-08 21:13:18.985 ERROR com.imooc.user.controller.HelloController         :20   [32m                  [0;39m error: hello~
2021-09-08 21:15:36.571 INFO  com.imooc.user.Application                        :55   [32m                  [0;39m Starting Application on DESKTOP-CTIIJC1 with PID 11024 (E:\code\java\news\imooc-news-dev-service-user\target\classes started by MECHREVO in E:\code\java\news)
2021-09-08 21:15:36.573 INFO  com.imooc.user.Application                        :655  [32m                  [0;39m The following profiles are active: dev
2021-09-08 21:15:37.094 INFO  o.s.boot.web.embedded.tomcat.TomcatWebServer      :92   [32m                  [0;39m Tomcat initialized with port(s): 8003 (http)
2021-09-08 21:15:37.100 INFO  org.apache.coyote.http11.Http11NioProtocol        :173  [32m                  [0;39m Initializing ProtocolHandler ["http-nio-8003"]
2021-09-08 21:15:37.100 INFO  org.apache.catalina.core.StandardService          :173  [32m                  [0;39m Starting service [Tomcat]
2021-09-08 21:15:37.101 INFO  org.apache.catalina.core.StandardEngine           :173  [32m                  [0;39m Starting Servlet engine: [Apache Tomcat/9.0.31]
2021-09-08 21:15:37.102 INFO  org.apache.catalina.core.AprLifecycleListener     :173  [32m                  [0;39m Loaded APR based Apache Tomcat Native library [1.2.30] using APR version [1.7.0].
2021-09-08 21:15:37.102 INFO  org.apache.catalina.core.AprLifecycleListener     :173  [32m                  [0;39m APR capabilities: IPv6 [true], sendfile [true], accept filters [false], random [true].
2021-09-08 21:15:37.102 INFO  org.apache.catalina.core.AprLifecycleListener     :173  [32m                  [0;39m APR/OpenSSL configuration: useAprConnector [false], useOpenSSL [true]
2021-09-08 21:15:37.105 INFO  org.apache.catalina.core.AprLifecycleListener     :173  [32m                  [0;39m OpenSSL successfully initialized [OpenSSL 1.1.1k  25 Mar 2021]
2021-09-08 21:15:37.158 INFO  o.a.c.core.ContainerBase.[Tomcat].[localhost].[/] :173  [32m                  [0;39m Initializing Spring embedded WebApplicationContext
2021-09-08 21:15:37.158 INFO  org.springframework.web.context.ContextLoader     :284  [32m                  [0;39m Root WebApplicationContext: initialization completed in 535 ms
2021-09-08 21:15:37.258 INFO  o.s.scheduling.concurrent.ThreadPoolTaskExecutor  :181  [32m                  [0;39m Initializing ExecutorService 'applicationTaskExecutor'
2021-09-08 21:15:37.342 INFO  org.apache.coyote.http11.Http11NioProtocol        :173  [32m                  [0;39m Starting ProtocolHandler ["http-nio-8003"]
2021-09-08 21:15:37.355 INFO  o.s.boot.web.embedded.tomcat.TomcatWebServer      :204  [32m                  [0;39m Tomcat started on port(s): 8003 (http) with context path ''
2021-09-08 21:15:37.357 INFO  com.imooc.user.Application                        :61   [32m                  [0;39m Started Application in 1.129 seconds (JVM running for 2.173)
2021-09-08 21:16:04.578 INFO  com.imooc.user.Application                        :55   [32m                  [0;39m Starting Application on DESKTOP-CTIIJC1 with PID 14316 (E:\code\java\news\imooc-news-dev-service-user\target\classes started by MECHREVO in E:\code\java\news)
2021-09-08 21:16:04.581 INFO  com.imooc.user.Application                        :655  [32m                  [0;39m The following profiles are active: dev
2021-09-08 21:16:05.100 INFO  o.s.boot.web.embedded.tomcat.TomcatWebServer      :92   [32m                  [0;39m Tomcat initialized with port(s): 8003 (http)
2021-09-08 21:16:05.106 INFO  org.apache.coyote.http11.Http11NioProtocol        :173  [32m                  [0;39m Initializing ProtocolHandler ["http-nio-8003"]
2021-09-08 21:16:05.107 INFO  org.apache.catalina.core.StandardService          :173  [32m                  [0;39m Starting service [Tomcat]
2021-09-08 21:16:05.107 INFO  org.apache.catalina.core.StandardEngine           :173  [32m                  [0;39m Starting Servlet engine: [Apache Tomcat/9.0.31]
2021-09-08 21:16:05.108 INFO  org.apache.catalina.core.AprLifecycleListener     :173  [32m                  [0;39m Loaded APR based Apache Tomcat Native library [1.2.30] using APR version [1.7.0].
2021-09-08 21:16:05.108 INFO  org.apache.catalina.core.AprLifecycleListener     :173  [32m                  [0;39m APR capabilities: IPv6 [true], sendfile [true], accept filters [false], random [true].
2021-09-08 21:16:05.108 INFO  org.apache.catalina.core.AprLifecycleListener     :173  [32m                  [0;39m APR/OpenSSL configuration: useAprConnector [false], useOpenSSL [true]
2021-09-08 21:16:05.111 INFO  org.apache.catalina.core.AprLifecycleListener     :173  [32m                  [0;39m OpenSSL successfully initialized [OpenSSL 1.1.1k  25 Mar 2021]
2021-09-08 21:16:05.165 INFO  o.a.c.core.ContainerBase.[Tomcat].[localhost].[/] :173  [32m                  [0;39m Initializing Spring embedded WebApplicationContext
2021-09-08 21:16:05.165 INFO  org.springframework.web.context.ContextLoader     :284  [32m                  [0;39m Root WebApplicationContext: initialization completed in 533 ms
2021-09-08 21:16:05.262 INFO  o.s.scheduling.concurrent.ThreadPoolTaskExecutor  :181  [32m                  [0;39m Initializing ExecutorService 'applicationTaskExecutor'
2021-09-08 21:16:05.345 INFO  org.apache.coyote.http11.Http11NioProtocol        :173  [32m                  [0;39m Starting ProtocolHandler ["http-nio-8003"]
2021-09-08 21:16:05.358 INFO  o.s.boot.web.embedded.tomcat.TomcatWebServer      :204  [32m                  [0;39m Tomcat started on port(s): 8003 (http) with context path ''
2021-09-08 21:16:05.360 INFO  com.imooc.user.Application                        :61   [32m                  [0;39m Started Application in 1.139 seconds (JVM running for 2.185)
