2021-09-10 21:45:24.493 INFO  com.imooc.user.Application                        :55   [32m                  [0;39m Starting Application on DESKTOP-CTIIJC1 with PID 5248 (E:\code\java\news\imooc-news-dev-service-user\target\classes started by MECHREVO in E:\code\java\news)
2021-09-10 21:45:24.498 INFO  com.imooc.user.Application                        :655  [32m                  [0;39m The following profiles are active: dev
2021-09-10 21:45:25.053 INFO  o.s.d.r.config.RepositoryConfigurationDelegate    :127  [32m                  [0;39m Bootstrapping Spring Data MongoDB repositories in DEFAULT mode.
2021-09-10 21:45:25.068 INFO  o.s.d.r.config.RepositoryConfigurationDelegate    :187  [32m                  [0;39m Finished Spring Data repository scanning in 10ms. Found 0 MongoDB repository interfaces.
2021-09-10 21:45:25.142 WARN  org.mybatis.spring.mapper.ClassPathMapperScanner  :44   [32m                  [0;39m No MyBatis mapper was found in '[com.imooc.user]' package. Please check your configuration.
2021-09-10 21:45:27.574 INFO  o.s.boot.web.embedded.tomcat.TomcatWebServer      :92   [32m                  [0;39m Tomcat initialized with port(s): 8003 (http)
2021-09-10 21:45:27.601 INFO  org.apache.coyote.http11.Http11NioProtocol        :173  [32m                  [0;39m Initializing ProtocolHandler ["http-nio-8003"]
2021-09-10 21:45:27.602 INFO  org.apache.catalina.core.StandardService          :173  [32m                  [0;39m Starting service [Tomcat]
2021-09-10 21:45:27.602 INFO  org.apache.catalina.core.StandardEngine           :173  [32m                  [0;39m Starting Servlet engine: [Apache Tomcat/9.0.31]
2021-09-10 21:45:27.604 INFO  org.apache.catalina.core.AprLifecycleListener     :173  [32m                  [0;39m Loaded APR based Apache Tomcat Native library [1.2.30] using APR version [1.7.0].
2021-09-10 21:45:27.604 INFO  org.apache.catalina.core.AprLifecycleListener     :173  [32m                  [0;39m APR capabilities: IPv6 [true], sendfile [true], accept filters [false], random [true].
2021-09-10 21:45:27.604 INFO  org.apache.catalina.core.AprLifecycleListener     :173  [32m                  [0;39m APR/OpenSSL configuration: useAprConnector [false], useOpenSSL [true]
2021-09-10 21:45:27.608 INFO  org.apache.catalina.core.AprLifecycleListener     :173  [32m                  [0;39m OpenSSL successfully initialized [OpenSSL 1.1.1k  25 Mar 2021]
2021-09-10 21:45:27.898 INFO  o.a.c.core.ContainerBase.[Tomcat].[localhost].[/] :173  [32m                  [0;39m Initializing Spring embedded WebApplicationContext
2021-09-10 21:45:27.899 INFO  org.springframework.web.context.ContextLoader     :284  [32m                  [0;39m Root WebApplicationContext: initialization completed in 3338 ms
2021-09-10 21:45:28.299 INFO  o.s.scheduling.concurrent.ThreadPoolTaskExecutor  :181  [32m                  [0;39m Initializing ExecutorService 'applicationTaskExecutor'
2021-09-10 21:45:28.366 INFO  t.mybatis.mapper.autoconfigure.MapperCacheDisabler:60   [32m                  [0;39m Clear tk.mybatis.mapper.util.MsUtil CLASS_CACHE cache.
2021-09-10 21:45:28.367 INFO  t.mybatis.mapper.autoconfigure.MapperCacheDisabler:60   [32m                  [0;39m Clear tk.mybatis.mapper.genid.GenIdUtil CACHE cache.
2021-09-10 21:45:28.367 INFO  t.mybatis.mapper.autoconfigure.MapperCacheDisabler:60   [32m                  [0;39m Clear tk.mybatis.mapper.version.VersionUtil CACHE cache.
2021-09-10 21:45:28.367 INFO  t.mybatis.mapper.autoconfigure.MapperCacheDisabler:83   [32m                  [0;39m Clear EntityHelper entityTableMap cache.
2021-09-10 21:45:28.520 INFO  org.apache.coyote.http11.Http11NioProtocol        :173  [32m                  [0;39m Starting ProtocolHandler ["http-nio-8003"]
2021-09-10 21:45:28.535 INFO  o.s.boot.web.embedded.tomcat.TomcatWebServer      :204  [32m                  [0;39m Tomcat started on port(s): 8003 (http) with context path ''
2021-09-10 21:45:28.537 INFO  com.imooc.user.Application                        :61   [32m                  [0;39m Started Application in 4.547 seconds (JVM running for 5.937)
